c:\users\lywnt\desktop\hw3_a051724\glsl_hw3\hw3\debug\vc140.pdb
c:\users\lywnt\desktop\hw3_a051724\glsl_hw3\hw3\debug\vc140.idb
c:\users\lywnt\desktop\hw3_a051724\glsl_hw3\hw3\debug\glm.obj
c:\users\lywnt\desktop\hw3_a051724\glsl_hw3\hw3\debug\glmimg.obj
c:\users\lywnt\desktop\hw3_a051724\glsl_hw3\hw3\debug\glmimg_devil.obj
c:\users\lywnt\desktop\hw3_a051724\glsl_hw3\hw3\debug\glmimg_jpg.obj
c:\users\lywnt\desktop\hw3_a051724\glsl_hw3\hw3\debug\glmimg_png.obj
c:\users\lywnt\desktop\hw3_a051724\glsl_hw3\hw3\debug\glmimg_sdl.obj
c:\users\lywnt\desktop\hw3_a051724\glsl_hw3\hw3\debug\glmimg_sim.obj
c:\users\lywnt\desktop\hw3_a051724\glsl_hw3\hw3\debug\glm_util.obj
c:\users\lywnt\desktop\hw3_a051724\glsl_hw3\hw3\debug\glm_helper.obj
c:\users\lywnt\desktop\hw3_a051724\glsl_hw3\hw3\debug\main.obj
c:\users\lywnt\desktop\a051724_hw3\hw3_a051724\glsl_hw3\hw3\debug\vc140.pdb
c:\users\lywnt\desktop\a051724_hw3\hw3_a051724\glsl_hw3\hw3\debug\vc140.idb
c:\users\lywnt\desktop\a051724_hw3\hw3_a051724\glsl_hw3\hw3\debug\glm.obj
c:\users\lywnt\desktop\a051724_hw3\hw3_a051724\glsl_hw3\hw3\debug\glmimg.obj
c:\users\lywnt\desktop\a051724_hw3\hw3_a051724\glsl_hw3\hw3\debug\glmimg_devil.obj
c:\users\lywnt\desktop\a051724_hw3\hw3_a051724\glsl_hw3\hw3\debug\glmimg_jpg.obj
c:\users\lywnt\desktop\a051724_hw3\hw3_a051724\glsl_hw3\hw3\debug\glmimg_png.obj
c:\users\lywnt\desktop\a051724_hw3\hw3_a051724\glsl_hw3\hw3\debug\glmimg_sdl.obj
c:\users\lywnt\desktop\a051724_hw3\hw3_a051724\glsl_hw3\hw3\debug\glmimg_sim.obj
c:\users\lywnt\desktop\a051724_hw3\hw3_a051724\glsl_hw3\hw3\debug\glm_util.obj
c:\users\lywnt\desktop\a051724_hw3\hw3_a051724\glsl_hw3\hw3\debug\glm_helper.obj
c:\users\lywnt\desktop\a051724_hw3\hw3_a051724\glsl_hw3\hw3\debug\main.obj
c:\users\lywnt\desktop\hw3_a051724\glsl_hw3\debug\hw3.ilk
c:\users\lywnt\desktop\hw3_a051724\glsl_hw3\debug\hw3.exe
c:\users\lywnt\desktop\hw3_a051724\glsl_hw3\debug\hw3.pdb
c:\users\lywnt\desktop\a051724_hw3\hw3_a051724\glsl_hw3\debug\hw3.ilk
c:\users\lywnt\desktop\a051724_hw3\hw3_a051724\glsl_hw3\debug\hw3.exe
c:\users\lywnt\desktop\a051724_hw3\hw3_a051724\glsl_hw3\debug\hw3.pdb
c:\users\lywnt\desktop\a051724_hw3\hw3_a051724\glsl_hw3\hw3\debug\hw3.tlog\cl.command.1.tlog
c:\users\lywnt\desktop\a051724_hw3\hw3_a051724\glsl_hw3\hw3\debug\hw3.tlog\cl.read.1.tlog
c:\users\lywnt\desktop\a051724_hw3\hw3_a051724\glsl_hw3\hw3\debug\hw3.tlog\cl.write.1.tlog
c:\users\lywnt\desktop\a051724_hw3\hw3_a051724\glsl_hw3\hw3\debug\hw3.tlog\link.command.1.tlog
c:\users\lywnt\desktop\a051724_hw3\hw3_a051724\glsl_hw3\hw3\debug\hw3.tlog\link.read.1.tlog
c:\users\lywnt\desktop\a051724_hw3\hw3_a051724\glsl_hw3\hw3\debug\hw3.tlog\link.write.1.tlog
